<?xml version="1.0" encoding="UTF-8"?>
<!-- Generated by org.testng.reporters.JUnitReportReporter -->
<testsuite skipped="0" hostname="BDC8-LX-G01FQTQ" name="com.amazon.testcases.LoginTestcase" tests="1" failures="0" timestamp="2019-09-18T15:31:29 IST" time="13.248" errors="0">
  <testcase name="loginApp" time="13.248" classname="com.amazon.testcases.LoginTestcase"/>
</testsuite> <!-- com.amazon.testcases.LoginTestcase -->
