<?xml version="1.0" encoding="UTF-8"?>
<!-- Generated by org.testng.reporters.JUnitReportReporter -->
<testsuite skipped="0" hostname="BDC8-LX-G01FQTQ" name="com.amazon.testcases.TestcasewithoutFW" tests="1" failures="0" timestamp="11 Sep 2019 12:50:25 GMT" time="21.760" errors="0">
  <testcase name="test1" time="21.760" classname="com.amazon.testcases.TestcasewithoutFW"/>
</testsuite> <!-- com.amazon.testcases.TestcasewithoutFW -->
